{"total": {"lines":{"total":83,"covered":82,"skipped":0,"pct":98.79},"statements":{"total":97,"covered":95,"skipped":0,"pct":97.93},"functions":{"total":15,"covered":15,"skipped":0,"pct":100},"branches":{"total":83,"covered":78,"skipped":0,"pct":93.97},"branchesTrue":{"total":0,"covered":0,"skipped":0,"pct":100}}
,"/home/fedir/projects/FERINoteDeck/frontend/src/features/auth/firebaseError.js": {"lines":{"total":2,"covered":2,"skipped":0,"pct":100},"functions":{"total":1,"covered":1,"skipped":0,"pct":100},"statements":{"total":2,"covered":2,"skipped":0,"pct":100},"branches":{"total":2,"covered":2,"skipped":0,"pct":100}}
,"/home/fedir/projects/FERINoteDeck/frontend/src/features/marketplace/marketplaceLink.js": {"lines":{"total":18,"covered":18,"skipped":0,"pct":100},"functions":{"total":2,"covered":2,"skipped":0,"pct":100},"statements":{"total":24,"covered":23,"skipped":0,"pct":95.83},"branches":{"total":18,"covered":16,"skipped":0,"pct":88.88}}
,"/home/fedir/projects/FERINoteDeck/frontend/src/features/notes/editor/blockModel.js": {"lines":{"total":8,"covered":8,"skipped":0,"pct":100},"functions":{"total":2,"covered":2,"skipped":0,"pct":100},"statements":{"total":8,"covered":8,"skipped":0,"pct":100},"branches":{"total":7,"covered":7,"skipped":0,"pct":100}}
,"/home/fedir/projects/FERINoteDeck/frontend/src/features/notes/editor/markdown.js": {"lines":{"total":43,"covered":43,"skipped":0,"pct":100},"functions":{"total":6,"covered":6,"skipped":0,"pct":100},"statements":{"total":49,"covered":49,"skipped":0,"pct":100},"branches":{"total":42,"covered":40,"skipped":0,"pct":95.23}}
,"/home/fedir/projects/FERINoteDeck/frontend/src/lib/constants.js": {"lines":{"total":6,"covered":6,"skipped":0,"pct":100},"functions":{"total":2,"covered":2,"skipped":0,"pct":100},"statements":{"total":7,"covered":7,"skipped":0,"pct":100},"branches":{"total":2,"covered":2,"skipped":0,"pct":100}}
,"/home/fedir/projects/FERINoteDeck/frontend/src/lib/id.js": {"lines":{"total":3,"covered":2,"skipped":0,"pct":66.66},"functions":{"total":1,"covered":1,"skipped":0,"pct":100},"statements":{"total":3,"covered":2,"skipped":0,"pct":66.66},"branches":{"total":4,"covered":3,"skipped":0,"pct":75}}
,"/home/fedir/projects/FERINoteDeck/frontend/src/lib/postAuthDest.js": {"lines":{"total":3,"covered":3,"skipped":0,"pct":100},"functions":{"total":1,"covered":1,"skipped":0,"pct":100},"statements":{"total":4,"covered":4,"skipped":0,"pct":100},"branches":{"total":8,"covered":8,"skipped":0,"pct":100}}
}
