{"total": {"lines":{"total":204,"covered":201,"skipped":0,"pct":98.52},"statements":{"total":228,"covered":224,"skipped":0,"pct":98.24},"functions":{"total":29,"covered":28,"skipped":0,"pct":96.55},"branches":{"total":158,"covered":149,"skipped":0,"pct":94.3},"branchesTrue":{"total":0,"covered":0,"skipped":0,"pct":100}}
,"/home/fedir/projects/FERINoteDeck/frontend/src/features/auth/firebaseError.js": {"lines":{"total":2,"covered":2,"skipped":0,"pct":100},"functions":{"total":1,"covered":1,"skipped":0,"pct":100},"statements":{"total":2,"covered":2,"skipped":0,"pct":100},"branches":{"total":2,"covered":2,"skipped":0,"pct":100}}
,"/home/fedir/projects/FERINoteDeck/frontend/src/features/marketplace/marketplaceLink.js": {"lines":{"total":18,"covered":18,"skipped":0,"pct":100},"functions":{"total":2,"covered":2,"skipped":0,"pct":100},"statements":{"total":24,"covered":23,"skipped":0,"pct":95.83},"branches":{"total":18,"covered":16,"skipped":0,"pct":88.88}}
,"/home/fedir/projects/FERINoteDeck/frontend/src/features/notes/editor/blockModel.js": {"lines":{"total":8,"covered":8,"skipped":0,"pct":100},"functions":{"total":2,"covered":2,"skipped":0,"pct":100},"statements":{"total":8,"covered":8,"skipped":0,"pct":100},"branches":{"total":7,"covered":7,"skipped":0,"pct":100}}
,"/home/fedir/projects/FERINoteDeck/frontend/src/features/notes/editor/inlineFormat.js": {"lines":{"total":121,"covered":119,"skipped":0,"pct":98.34},"functions":{"total":14,"covered":13,"skipped":0,"pct":92.85},"statements":{"total":131,"covered":129,"skipped":0,"pct":98.47},"branches":{"total":75,"covered":71,"skipped":0,"pct":94.66}}
,"/home/fedir/projects/FERINoteDeck/frontend/src/features/notes/editor/markdown.js": {"lines":{"total":43,"covered":43,"skipped":0,"pct":100},"functions":{"total":6,"covered":6,"skipped":0,"pct":100},"statements":{"total":49,"covered":49,"skipped":0,"pct":100},"branches":{"total":42,"covered":40,"skipped":0,"pct":95.23}}
,"/home/fedir/projects/FERINoteDeck/frontend/src/lib/constants.js": {"lines":{"total":6,"covered":6,"skipped":0,"pct":100},"functions":{"total":2,"covered":2,"skipped":0,"pct":100},"statements":{"total":7,"covered":7,"skipped":0,"pct":100},"branches":{"total":2,"covered":2,"skipped":0,"pct":100}}
,"/home/fedir/projects/FERINoteDeck/frontend/src/lib/id.js": {"lines":{"total":3,"covered":2,"skipped":0,"pct":66.66},"functions":{"total":1,"covered":1,"skipped":0,"pct":100},"statements":{"total":3,"covered":2,"skipped":0,"pct":66.66},"branches":{"total":4,"covered":3,"skipped":0,"pct":75}}
,"/home/fedir/projects/FERINoteDeck/frontend/src/lib/postAuthDest.js": {"lines":{"total":3,"covered":3,"skipped":0,"pct":100},"functions":{"total":1,"covered":1,"skipped":0,"pct":100},"statements":{"total":4,"covered":4,"skipped":0,"pct":100},"branches":{"total":8,"covered":8,"skipped":0,"pct":100}}
}
