TN:
SF:src/features/notes/editor/markdown.js
FN:10,escapeText
FN:14,unescapeText
FN:18,serialize
FN:20,(anonymous_3)
FN:46,classify
FN:69,parse
FNF:6
FNH:6
FNDA:8,escapeText
FNDA:6,unescapeText
FNDA:18,serialize
FNDA:26,(anonymous_3)
FNDA:24,classify
FNDA:19,parse
DA:4,1
DA:8,1
DA:11,8
DA:15,6
DA:19,18
DA:20,18
DA:21,26
DA:22,22
DA:23,26
DA:24,26
DA:26,3
DA:28,1
DA:30,3
DA:32,4
DA:34,3
DA:36,2
DA:38,2
DA:40,8
DA:43,18
DA:48,24
DA:49,23
DA:50,19
DA:51,17
DA:52,17
DA:53,4
DA:54,4
DA:55,4
DA:57,13
DA:58,10
DA:59,10
DA:60,9
DA:61,9
DA:62,3
DA:63,3
DA:64,3
DA:66,6
DA:70,19
DA:71,19
DA:72,17
DA:74,19
DA:75,17
DA:77,19
DA:78,19
LF:43
LH:43
BRDA:11,0,0,3
BRDA:11,0,1,5
BRDA:15,1,0,2
BRDA:15,1,1,4
BRDA:21,2,0,4
BRDA:21,2,1,22
BRDA:23,3,0,26
BRDA:23,3,1,2
BRDA:24,4,0,3
BRDA:24,4,1,1
BRDA:24,4,2,3
BRDA:24,4,3,4
BRDA:24,4,4,3
BRDA:24,4,5,2
BRDA:24,4,6,2
BRDA:24,4,7,8
BRDA:34,5,0,2
BRDA:34,5,1,1
BRDA:36,6,0,2
BRDA:36,6,1,0
BRDA:48,7,0,1
BRDA:48,7,1,23
BRDA:49,8,0,4
BRDA:49,8,1,19
BRDA:50,9,0,2
BRDA:50,9,1,17
BRDA:52,10,0,4
BRDA:52,10,1,13
BRDA:57,11,0,3
BRDA:57,11,1,10
BRDA:59,12,0,1
BRDA:59,12,1,9
BRDA:61,13,0,3
BRDA:61,13,1,6
BRDA:70,14,0,19
BRDA:70,14,1,1
BRDA:71,15,0,17
BRDA:71,15,1,2
BRDA:74,16,0,17
BRDA:74,16,1,2
BRDA:78,17,0,19
BRDA:78,17,1,0
BRF:42
BRH:40
end_of_record
TN:
SF:src/lib/constants.js
FN:12,folderHex
FN:13,(anonymous_1)
FNF:2
FNH:2
FNDA:6,folderHex
FNDA:28,(anonymous_1)
DA:1,1
DA:10,1
DA:13,28
DA:14,6
DA:17,1
DA:22,1
LF:6
LH:6
BRDA:14,0,0,4
BRDA:14,0,1,2
BRF:2
BRH:2
end_of_record
