TN:
SF:src/features/notes/editor/markdown.js
FN:10,escapeText
FN:14,unescapeText
FN:18,serialize
FN:46,classify
FN:69,parse
FNF:5
FNH:5
FNDA:8,escapeText
FNDA:6,unescapeText
FNDA:18,serialize
FNDA:24,classify
FNDA:19,parse
DA:1,1
DA:3,1
DA:4,1
DA:6,1
DA:7,1
DA:8,1
DA:10,8
DA:11,8
DA:12,8
DA:14,6
DA:15,6
DA:16,6
DA:18,1
DA:19,18
DA:20,18
DA:21,26
DA:22,22
DA:23,26
DA:24,26
DA:25,26
DA:26,3
DA:27,26
DA:28,1
DA:29,26
DA:30,3
DA:31,26
DA:32,4
DA:33,26
DA:34,3
DA:35,26
DA:36,2
DA:37,26
DA:38,2
DA:39,26
DA:40,8
DA:41,26
DA:42,18
DA:43,18
DA:44,18
DA:46,24
DA:47,24
DA:48,24
DA:49,24
DA:50,24
DA:51,17
DA:52,24
DA:53,4
DA:54,4
DA:55,4
DA:56,4
DA:57,24
DA:58,10
DA:59,24
DA:60,9
DA:61,24
DA:62,3
DA:63,3
DA:64,3
DA:65,3
DA:66,6
DA:67,6
DA:69,1
DA:70,19
DA:71,19
DA:72,17
DA:73,17
DA:74,19
DA:75,17
DA:76,17
DA:77,19
DA:78,19
DA:79,19
LF:72
LH:72
BRDA:10,0,0,8
BRDA:11,1,0,3
BRDA:11,2,0,5
BRDA:14,3,0,6
BRDA:15,4,0,2
BRDA:15,5,0,4
BRDA:18,6,0,18
BRDA:20,7,0,26
BRDA:21,8,0,4
BRDA:21,9,0,22
BRDA:23,10,0,2
BRDA:25,11,0,3
BRDA:27,12,0,1
BRDA:29,13,0,3
BRDA:31,14,0,4
BRDA:33,15,0,3
BRDA:34,16,0,2
BRDA:34,17,0,1
BRDA:35,18,0,2
BRDA:36,19,0,0
BRDA:37,20,0,2
BRDA:39,21,0,8
BRDA:46,22,0,24
BRDA:48,23,0,1
BRDA:48,24,0,23
BRDA:49,25,0,4
BRDA:49,26,0,19
BRDA:50,27,0,2
BRDA:50,28,0,17
BRDA:52,29,0,4
BRDA:56,30,0,13
BRDA:57,31,0,3
BRDA:57,32,0,10
BRDA:59,33,0,1
BRDA:59,34,0,9
BRDA:61,35,0,3
BRDA:65,36,0,6
BRDA:69,37,0,19
BRDA:70,38,0,1
BRDA:71,39,0,17
BRDA:74,40,0,17
BRDA:78,41,0,0
BRF:42
BRH:40
end_of_record
TN:
SF:src/lib/constants.js
FN:12,folderHex
FNF:1
FNH:1
FNDA:6,folderHex
DA:1,1
DA:2,1
DA:3,1
DA:4,1
DA:5,1
DA:6,1
DA:7,1
DA:8,1
DA:10,1
DA:12,1
DA:13,6
DA:14,6
DA:15,6
DA:17,1
DA:18,1
DA:19,1
DA:20,1
DA:22,1
DA:23,1
DA:24,1
DA:25,1
LF:21
LH:21
BRDA:12,0,0,6
BRDA:14,1,0,4
BRDA:14,2,0,2
BRDA:13,3,0,28
BRF:4
BRH:4
end_of_record
