{"total": {"lines":{"total":68,"covered":68,"skipped":0,"pct":100},"statements":{"total":73,"covered":73,"skipped":0,"pct":100},"functions":{"total":12,"covered":12,"skipped":0,"pct":100},"branches":{"total":47,"covered":44,"skipped":0,"pct":93.61},"branchesTrue":{"total":0,"covered":0,"skipped":0,"pct":"Unknown"}}
,"/Users/mihacaks/development/FERINoteDeck/backend/src/lib/serialize.ts": {"lines":{"total":12,"covered":12,"skipped":0,"pct":100},"functions":{"total":2,"covered":2,"skipped":0,"pct":100},"statements":{"total":13,"covered":13,"skipped":0,"pct":100},"branches":{"total":10,"covered":10,"skipped":0,"pct":100}}
,"/Users/mihacaks/development/FERINoteDeck/backend/src/lib/srs.ts": {"lines":{"total":56,"covered":56,"skipped":0,"pct":100},"functions":{"total":10,"covered":10,"skipped":0,"pct":100},"statements":{"total":60,"covered":60,"skipped":0,"pct":100},"branches":{"total":37,"covered":34,"skipped":0,"pct":91.89}}
}
