TN:
SF:src/lib/fileExtraction.ts
FN:7,loadPdfParse
FN:35,kindFromExtension
FN:39,extractPdf
FN:47,(anonymous_3)
FN:51,extractDocx
FN:60,extractPptx
FN:64,(anonymous_6)
FN:65,(anonymous_7)
FN:93,extractText
FNF:9
FNH:8
FNDA:1,loadPdfParse
FNDA:18,kindFromExtension
FNDA:1,extractPdf
FNDA:0,(anonymous_3)
FNDA:2,extractDocx
FNDA:5,extractPptx
FNDA:24,(anonymous_6)
FNDA:10,(anonymous_7)
FNDA:4,extractText
DA:8,1
DA:9,1
DA:22,3
DA:36,18
DA:40,1
DA:41,1
DA:42,1
DA:43,1
DA:44,1
DA:45,1
DA:47,1
DA:52,2
DA:53,2
DA:54,2
DA:61,5
DA:62,5
DA:63,5
DA:64,24
DA:66,10
DA:67,10
DA:68,10
DA:71,5
DA:72,5
DA:73,14
DA:74,14
DA:75,14
DA:76,14
DA:77,14
DA:78,14
DA:86,14
DA:88,14
DA:90,5
DA:94,4
DA:98,4
LF:34
LH:34
BRDA:36,0,0,18
BRDA:36,0,1,5
BRDA:45,1,0,1
BRDA:45,1,1,0
BRDA:66,2,0,10
BRDA:66,2,1,0
BRDA:67,3,0,10
BRDA:67,3,1,0
BRDA:88,4,0,13
BRDA:88,4,1,1
BRF:10
BRH:7
end_of_record
TN:
SF:src/lib/imageValidation.ts
FN:13,verifyImageMagicBytes
FN:56,verifyImportMagicBytes
FN:85,isAllowedImageUrl
FN:94,extractImageUrls
FNF:4
FNH:4
FNDA:8,verifyImageMagicBytes
FNDA:6,verifyImportMagicBytes
FNDA:12,isAllowedImageUrl
FNDA:7,extractImageUrls
DA:8,5
DA:17,8
DA:18,8
DA:19,7
DA:20,7
DA:22,7
DA:28,2
DA:31,5
DA:32,1
DA:35,4
DA:36,4
DA:38,2
DA:42,1
DA:44,1
DA:46,1
DA:48,8
DA:60,6
DA:62,5
DA:63,5
DA:64,4
DA:65,4
DA:66,4
DA:68,2
DA:71,2
DA:75,1
DA:77,5
DA:86,12
DA:87,9
DA:88,7
DA:89,5
DA:95,7
DA:96,7
DA:97,7
DA:98,7
DA:99,5
DA:100,5
DA:102,7
LF:37
LH:37
BRDA:22,0,0,2
BRDA:22,0,1,5
BRDA:23,1,0,7
BRDA:23,1,1,2
BRDA:23,1,2,2
BRDA:23,1,3,2
BRDA:31,2,0,1
BRDA:31,2,1,4
BRDA:31,3,0,5
BRDA:31,3,1,1
BRDA:31,3,2,1
BRDA:36,4,0,2
BRDA:36,4,1,2
BRDA:36,5,0,4
BRDA:36,5,1,3
BRDA:38,6,0,1
BRDA:38,6,1,1
BRDA:39,7,0,2
BRDA:39,7,1,1
BRDA:60,8,0,1
BRDA:60,8,1,5
BRDA:66,9,0,2
BRDA:66,9,1,2
BRDA:72,10,0,2
BRDA:72,10,1,1
BRDA:72,10,2,1
BRDA:72,10,3,1
BRDA:86,11,0,3
BRDA:86,11,1,9
BRDA:87,12,0,2
BRDA:87,12,1,7
BRDA:88,13,0,2
BRDA:88,13,1,5
BRF:33
BRH:33
end_of_record
TN:
SF:src/lib/serialize.ts
FN:5,serialize
FN:10,(anonymous_1)
FNF:2
FNH:2
FNDA:38,serialize
FNDA:9,(anonymous_1)
DA:6,38
DA:7,11
DA:9,27
DA:10,9
DA:12,23
DA:13,1
DA:15,22
DA:16,9
DA:17,9
DA:18,13
DA:20,9
DA:22,13
LF:12
LH:12
BRDA:6,0,0,11
BRDA:6,0,1,27
BRDA:9,1,0,4
BRDA:9,1,1,23
BRDA:12,2,0,1
BRDA:12,2,1,22
BRDA:15,3,0,9
BRDA:15,3,1,13
BRDA:15,4,0,22
BRDA:15,4,1,20
BRF:10
BRH:10
end_of_record
TN:
SF:src/lib/srs.ts
FN:44,(anonymous_0)
FN:45,(anonymous_1)
FN:46,(anonymous_2)
FN:50,nextReviewIntervalSec
FN:63,stepsFor
FN:71,graduate
FN:94,schedule
FN:210,settingsToScheduler
FN:221,(anonymous_8)
FN:223,(anonymous_9)
FNF:10
FNH:10
FNDA:9,(anonymous_0)
FNDA:16,(anonymous_1)
FNDA:4,(anonymous_2)
FNDA:9,nextReviewIntervalSec
FNDA:11,stepsFor
FNDA:4,graduate
FNDA:16,schedule
FNDA:6,settingsToScheduler
FNDA:12,(anonymous_8)
FNDA:18,(anonymous_9)
DA:42,1
DA:43,1
DA:44,9
DA:45,16
DA:46,4
DA:55,9
DA:56,9
DA:57,9
DA:58,9
DA:59,9
DA:65,11
DA:68,11
DA:81,4
DA:82,4
DA:83,4
DA:100,16
DA:101,16
DA:105,16
DA:109,16
DA:110,9
DA:111,9
DA:113,9
DA:115,9
DA:117,3
DA:118,3
DA:129,6
DA:131,1
DA:132,1
DA:133,1
DA:144,5
DA:146,2
DA:150,3
DA:151,3
DA:152,1
DA:153,1
DA:163,2
DA:167,7
DA:169,2
DA:170,2
DA:171,2
DA:172,2
DA:183,5
DA:185,5
DA:186,5
DA:187,1
DA:188,1
DA:189,4
DA:190,1
DA:191,1
DA:194,3
DA:197,5
DA:198,5
DA:221,6
DA:222,12
DA:223,18
DA:225,6
LF:56
LH:56
BRDA:65,0,0,4
BRDA:65,0,1,7
BRDA:68,1,0,11
BRDA:68,1,1,0
BRDA:81,2,0,2
BRDA:81,2,1,2
BRDA:105,3,0,16
BRDA:105,3,1,12
BRDA:105,3,2,9
BRDA:109,4,0,9
BRDA:109,4,1,7
BRDA:113,5,0,4
BRDA:113,5,1,5
BRDA:115,6,0,3
BRDA:115,6,1,6
BRDA:119,7,0,1
BRDA:119,7,1,2
BRDA:129,8,0,1
BRDA:129,8,1,5
BRDA:134,9,0,0
BRDA:134,9,1,1
BRDA:144,10,0,2
BRDA:144,10,1,3
BRDA:151,11,0,1
BRDA:151,11,1,2
BRDA:154,12,0,0
BRDA:154,12,1,1
BRDA:167,13,0,2
BRDA:167,13,1,5
BRDA:186,14,0,1
BRDA:186,14,1,4
BRDA:189,15,0,1
BRDA:189,15,1,3
BRDA:222,16,0,10
BRDA:222,16,1,2
BRDA:223,17,0,18
BRDA:223,17,1,17
BRF:37
BRH:34
end_of_record
TN:
SF:src/routes/decks.ts
FN:24,buildTestTitle
FN:33,studyDayWindow
FN:65,(anonymous_2)
FN:74,(anonymous_3)
FN:89,(anonymous_4)
FN:91,(anonymous_5)
FN:110,(anonymous_6)
FN:126,(anonymous_7)
FN:137,(anonymous_8)
FN:188,(anonymous_9)
FN:195,(anonymous_10)
FN:204,(anonymous_11)
FN:224,(anonymous_12)
FN:314,(anonymous_13)
FN:338,(anonymous_14)
FN:340,(anonymous_15)
FN:345,(anonymous_16)
FN:369,(anonymous_17)
FN:412,(anonymous_18)
FN:416,(anonymous_19)
FN:418,(anonymous_20)
FN:430,(anonymous_21)
FN:449,(anonymous_22)
FN:505,(anonymous_23)
FN:531,(anonymous_24)
FN:535,(anonymous_25)
FN:542,(anonymous_26)
FN:566,(anonymous_27)
FN:569,(anonymous_28)
FN:570,cleanup
FN:571,(anonymous_30)
FN:571,(anonymous_31)
FN:651,(anonymous_32)
FN:658,(anonymous_33)
FN:729,(anonymous_34)
FN:740,(anonymous_35)
FNF:36
FNH:2
FNDA:6,buildTestTitle
FNDA:14,studyDayWindow
FNDA:0,(anonymous_2)
FNDA:0,(anonymous_3)
FNDA:0,(anonymous_4)
FNDA:0,(anonymous_5)
FNDA:0,(anonymous_6)
FNDA:0,(anonymous_7)
FNDA:0,(anonymous_8)
FNDA:0,(anonymous_9)
FNDA:0,(anonymous_10)
FNDA:0,(anonymous_11)
FNDA:0,(anonymous_12)
FNDA:0,(anonymous_13)
FNDA:0,(anonymous_14)
FNDA:0,(anonymous_15)
FNDA:0,(anonymous_16)
FNDA:0,(anonymous_17)
FNDA:0,(anonymous_18)
FNDA:0,(anonymous_19)
FNDA:0,(anonymous_20)
FNDA:0,(anonymous_21)
FNDA:0,(anonymous_22)
FNDA:0,(anonymous_23)
FNDA:0,(anonymous_24)
FNDA:0,(anonymous_25)
FNDA:0,(anonymous_26)
FNDA:0,(anonymous_27)
FNDA:0,(anonymous_28)
FNDA:0,cleanup
FNDA:0,(anonymous_30)
FNDA:0,(anonymous_31)
FNDA:0,(anonymous_32)
FNDA:0,(anonymous_33)
FNDA:0,(anonymous_34)
FNDA:0,(anonymous_35)
DA:25,6
DA:26,4
DA:27,4
DA:28,6
DA:34,14
DA:35,14
DA:44,14
DA:45,14
DA:54,1
DA:65,1
DA:66,0
DA:67,0
DA:73,0
DA:74,0
DA:76,0
DA:89,0
DA:91,0
DA:92,0
DA:97,0
DA:110,1
DA:111,0
DA:116,0
DA:117,0
DA:120,0
DA:121,0
DA:123,0
DA:125,0
DA:126,0
DA:127,0
DA:135,0
DA:136,0
DA:137,0
DA:147,0
DA:166,0
DA:171,0
DA:172,0
DA:174,0
DA:188,1
DA:189,0
DA:192,0
DA:193,0
DA:195,0
DA:196,0
DA:200,0
DA:201,0
DA:203,0
DA:205,0
DA:211,0
DA:224,1
DA:225,0
DA:226,0
DA:227,0
DA:228,0
DA:229,0
DA:232,0
DA:233,0
DA:234,0
DA:240,0
DA:251,0
DA:259,0
DA:260,0
DA:274,0
DA:282,0
DA:283,0
DA:291,0
DA:314,1
DA:315,0
DA:316,0
DA:318,0
DA:319,0
DA:321,0
DA:322,0
DA:323,0
DA:328,0
DA:337,0
DA:338,0
DA:339,0
DA:340,0
DA:342,0
DA:345,1
DA:346,0
DA:347,0
DA:348,0
DA:349,0
DA:350,0
DA:352,0
DA:356,0
DA:369,1
DA:370,0
DA:371,0
DA:373,0
DA:377,0
DA:380,0
DA:385,0
DA:386,0
DA:388,0
DA:392,0
DA:393,0
DA:394,0
DA:398,0
DA:410,0
DA:412,0
DA:416,0
DA:418,0
DA:419,0
DA:420,0
DA:430,0
DA:432,0
DA:433,0
DA:434,0
DA:436,0
DA:449,1
DA:450,0
DA:460,0
DA:461,0
DA:462,0
DA:463,0
DA:464,0
DA:465,0
DA:466,0
DA:470,0
DA:471,0
DA:475,0
DA:476,0
DA:482,0
DA:486,0
DA:487,0
DA:489,0
DA:492,0
DA:505,1
DA:506,0
DA:509,0
DA:510,0
DA:512,0
DA:518,1
DA:519,1
DA:520,1
DA:521,1
DA:528,1
DA:529,1
DA:532,0
DA:533,0
DA:536,0
DA:537,0
DA:538,0
DA:543,0
DA:544,0
DA:563,1
DA:567,0
DA:568,0
DA:569,0
DA:571,0
DA:574,0
DA:575,0
DA:576,0
DA:581,0
DA:585,0
DA:586,0
DA:587,0
DA:592,0
DA:593,0
DA:594,0
DA:595,0
DA:596,0
DA:597,0
DA:598,0
DA:603,0
DA:604,0
DA:605,0
DA:611,0
DA:612,0
DA:613,0
DA:614,0
DA:628,0
DA:629,0
DA:630,0
DA:635,0
DA:636,0
DA:647,0
DA:648,0
DA:649,0
DA:650,0
DA:651,0
DA:653,0
DA:658,0
DA:659,0
DA:660,0
DA:661,0
DA:663,0
DA:664,0
DA:665,0
DA:666,0
DA:667,0
DA:668,0
DA:669,0
DA:670,0
DA:671,0
DA:672,0
DA:673,0
DA:674,0
DA:675,0
DA:681,0
DA:683,0
DA:684,0
DA:689,0
DA:690,0
DA:697,0
DA:698,0
DA:703,0
DA:704,0
DA:706,0
DA:707,0
DA:711,0
DA:714,0
DA:715,0
DA:716,0
DA:719,0
DA:722,0
DA:724,0
DA:726,0
DA:729,0
DA:730,0
DA:739,0
DA:740,0
DA:749,0
DA:765,0
DA:768,0
LF:227
LH:25
BRDA:25,0,0,2
BRDA:25,0,1,4
BRDA:27,1,0,2
BRDA:27,1,1,2
BRDA:44,2,0,3
BRDA:44,2,1,11
BRDA:66,3,0,0
BRDA:66,3,1,0
BRDA:76,4,0,0
BRDA:76,4,1,0
BRDA:92,5,0,0
BRDA:92,5,1,0
BRDA:93,6,0,0
BRDA:93,6,1,0
BRDA:116,7,0,0
BRDA:116,7,1,0
BRDA:120,8,0,0
BRDA:120,8,1,0
BRDA:125,9,0,0
BRDA:125,9,1,0
BRDA:131,10,0,0
BRDA:131,10,1,0
BRDA:131,11,0,0
BRDA:131,11,1,0
BRDA:135,12,0,0
BRDA:135,12,1,0
BRDA:140,13,0,0
BRDA:140,13,1,0
BRDA:141,14,0,0
BRDA:141,14,1,0
BRDA:142,15,0,0
BRDA:142,15,1,0
BRDA:171,16,0,0
BRDA:171,16,1,0
BRDA:192,17,0,0
BRDA:192,17,1,0
BRDA:197,18,0,0
BRDA:197,18,1,0
BRDA:200,19,0,0
BRDA:200,19,1,0
BRDA:206,20,0,0
BRDA:206,20,1,0
BRDA:225,21,0,0
BRDA:225,21,1,0
BRDA:228,22,0,0
BRDA:228,22,1,0
BRDA:260,23,0,0
BRDA:260,23,1,0
BRDA:283,24,0,0
BRDA:283,24,1,0
BRDA:315,25,0,0
BRDA:315,25,1,0
BRDA:319,26,0,0
BRDA:319,26,1,0
BRDA:339,27,0,0
BRDA:339,27,1,0
BRDA:340,28,0,0
BRDA:340,28,1,0
BRDA:346,29,0,0
BRDA:346,29,1,0
BRDA:349,30,0,0
BRDA:349,30,1,0
BRDA:370,31,0,0
BRDA:370,31,1,0
BRDA:377,32,0,0
BRDA:377,32,1,0
BRDA:380,33,0,0
BRDA:380,33,1,0
BRDA:386,34,0,0
BRDA:386,34,1,0
BRDA:392,35,0,0
BRDA:392,35,1,0
BRDA:393,36,0,0
BRDA:393,36,1,0
BRDA:393,37,0,0
BRDA:393,37,1,0
BRDA:424,38,0,0
BRDA:424,38,1,0
BRDA:425,39,0,0
BRDA:425,39,1,0
BRDA:432,40,0,0
BRDA:432,40,1,0
BRDA:432,41,0,0
BRDA:432,41,1,0
BRDA:433,42,0,0
BRDA:433,42,1,0
BRDA:433,43,0,0
BRDA:433,43,1,0
BRDA:434,44,0,0
BRDA:434,44,1,0
BRDA:434,45,0,0
BRDA:434,45,1,0
BRDA:461,46,0,0
BRDA:461,46,1,0
BRDA:462,47,0,0
BRDA:462,47,1,0
BRDA:464,48,0,0
BRDA:464,48,1,0
BRDA:466,49,0,0
BRDA:466,49,1,0
BRDA:470,50,0,0
BRDA:470,50,1,0
BRDA:470,51,0,0
BRDA:470,51,1,0
BRDA:472,52,0,0
BRDA:472,52,1,0
BRDA:475,53,0,0
BRDA:475,53,1,0
BRDA:475,54,0,0
BRDA:475,54,1,0
BRDA:483,55,0,0
BRDA:483,55,1,0
BRDA:486,56,0,0
BRDA:486,56,1,0
BRDA:507,57,0,0
BRDA:507,57,1,0
BRDA:509,58,0,0
BRDA:509,58,1,0
BRDA:537,59,0,0
BRDA:537,59,1,0
BRDA:546,60,0,0
BRDA:546,60,1,0
BRDA:567,61,0,0
BRDA:567,61,1,0
BRDA:568,62,0,0
BRDA:568,62,1,0
BRDA:574,63,0,0
BRDA:574,63,1,0
BRDA:585,64,0,0
BRDA:585,64,1,0
BRDA:585,65,0,0
BRDA:585,65,1,0
BRDA:596,66,0,0
BRDA:596,66,1,0
BRDA:598,67,0,0
BRDA:598,67,1,0
BRDA:603,68,0,0
BRDA:603,68,1,0
BRDA:603,69,0,0
BRDA:603,69,1,0
BRDA:603,69,2,0
BRDA:613,70,0,0
BRDA:613,70,1,0
BRDA:629,71,0,0
BRDA:629,71,1,0
BRDA:635,72,0,0
BRDA:635,72,1,0
BRDA:648,73,0,0
BRDA:648,73,1,0
BRDA:659,74,0,0
BRDA:659,74,1,0
BRDA:666,75,0,0
BRDA:666,75,1,0
BRDA:666,76,0,0
BRDA:666,76,1,0
BRDA:669,77,0,0
BRDA:669,77,1,0
BRDA:670,78,0,0
BRDA:670,78,1,0
BRDA:671,79,0,0
BRDA:671,79,1,0
BRDA:673,80,0,0
BRDA:673,80,1,0
BRDA:683,81,0,0
BRDA:683,81,1,0
BRDA:706,82,0,0
BRDA:706,82,1,0
BRDA:715,83,0,0
BRDA:715,83,1,0
BRDA:771,84,0,0
BRDA:771,84,1,0
BRF:171
BRH:6
end_of_record
TN:
SF:src/routes/import.ts
FN:52,(anonymous_0)
FN:56,(anonymous_1)
FN:66,(anonymous_2)
FN:86,buildDummyNote
FN:90,(anonymous_4)
FN:91,(anonymous_5)
FN:152,(anonymous_6)
FN:157,(anonymous_7)
FN:158,deleteTemp
FN:159,(anonymous_9)
FN:159,(anonymous_10)
FN:201,(anonymous_11)
FN:292,(anonymous_12)
FN:292,(anonymous_13)
FN:301,(anonymous_14)
FN:302,(anonymous_15)
FN:302,(anonymous_16)
FN:306,(anonymous_17)
FNF:18
FNH:3
FNDA:0,(anonymous_0)
FNDA:0,(anonymous_1)
FNDA:0,(anonymous_2)
FNDA:11,buildDummyNote
FNDA:9,(anonymous_4)
FNDA:9,(anonymous_5)
FNDA:0,(anonymous_6)
FNDA:0,(anonymous_7)
FNDA:0,deleteTemp
FNDA:0,(anonymous_9)
FNDA:0,(anonymous_10)
FNDA:0,(anonymous_11)
FNDA:0,(anonymous_12)
FNDA:0,(anonymous_13)
FNDA:0,(anonymous_14)
FNDA:0,(anonymous_15)
FNDA:0,(anonymous_16)
FNDA:0,(anonymous_17)
DA:23,1
DA:24,1
DA:25,1
DA:27,1
DA:35,1
DA:49,1
DA:51,1
DA:53,0
DA:54,0
DA:57,0
DA:58,0
DA:59,0
DA:63,1
DA:67,0
DA:68,0
DA:69,0
DA:70,0
DA:72,0
DA:73,0
DA:74,0
DA:76,0
DA:80,1
DA:82,1
DA:90,11
DA:91,11
DA:92,11
DA:100,11
DA:101,2
DA:102,3
DA:104,9
DA:106,11
DA:107,4
DA:108,4
DA:109,4
DA:110,5
DA:112,11
DA:113,11
DA:114,11
DA:115,11
DA:116,11
DA:117,11
DA:118,5
DA:119,5
DA:120,5
DA:122,11
DA:123,11
DA:124,11
DA:125,11
DA:126,11
DA:131,11
DA:132,11
DA:147,1
DA:149,1
DA:153,0
DA:154,0
DA:157,0
DA:159,0
DA:162,0
DA:163,0
DA:164,0
DA:165,0
DA:170,0
DA:174,0
DA:175,0
DA:176,0
DA:185,0
DA:186,0
DA:187,0
DA:190,0
DA:191,0
DA:192,0
DA:196,0
DA:197,0
DA:198,0
DA:201,0
DA:202,0
DA:203,0
DA:204,0
DA:211,0
DA:212,0
DA:213,0
DA:215,0
DA:216,0
DA:217,0
DA:218,0
DA:219,0
DA:220,0
DA:226,0
DA:233,0
DA:234,0
DA:235,0
DA:236,0
DA:237,0
DA:243,0
DA:244,0
DA:245,0
DA:246,0
DA:251,0
DA:252,0
DA:253,0
DA:258,0
DA:259,0
DA:260,0
DA:265,0
DA:266,0
DA:267,0
DA:272,0
DA:275,0
DA:276,0
DA:277,0
DA:278,0
DA:279,0
DA:280,0
DA:289,0
DA:290,0
DA:291,0
DA:292,0
DA:294,0
DA:301,0
DA:302,0
DA:304,0
DA:306,0
DA:307,0
DA:308,0
DA:311,0
DA:312,0
DA:314,0
DA:315,0
DA:316,0
LF:129
LH:40
BRDA:58,0,0,0
BRDA:58,0,1,0
BRDA:68,1,0,0
BRDA:68,1,1,0
BRDA:72,2,0,0
BRDA:72,2,1,0
BRDA:90,3,0,9
BRDA:90,3,1,6
BRDA:100,4,0,2
BRDA:100,4,1,9
BRDA:106,5,0,4
BRDA:106,5,1,7
BRDA:118,6,0,0
BRDA:118,6,1,5
BRDA:154,7,0,0
BRDA:154,7,1,0
BRDA:163,8,0,0
BRDA:163,8,1,0
BRDA:171,9,0,0
BRDA:171,9,1,0
BRDA:174,10,0,0
BRDA:174,10,1,0
BRDA:174,11,0,0
BRDA:174,11,1,0
BRDA:185,12,0,0
BRDA:185,12,1,0
BRDA:187,13,0,0
BRDA:187,13,1,0
BRDA:190,14,0,0
BRDA:190,14,1,0
BRDA:196,15,0,0
BRDA:196,15,1,0
BRDA:202,16,0,0
BRDA:202,16,1,0
BRDA:211,17,0,0
BRDA:211,17,1,0
BRDA:218,18,0,0
BRDA:218,18,1,0
BRDA:226,19,0,0
BRDA:226,19,1,0
BRDA:228,20,0,0
BRDA:228,20,1,0
BRDA:228,21,0,0
BRDA:228,21,1,0
BRDA:230,22,0,0
BRDA:230,22,1,0
BRDA:233,23,0,0
BRDA:233,23,1,0
BRDA:235,24,0,0
BRDA:235,24,1,0
BRDA:244,25,0,0
BRDA:244,25,1,0
BRDA:251,26,0,0
BRDA:251,26,1,0
BRDA:258,27,0,0
BRDA:258,27,1,0
BRDA:265,28,0,0
BRDA:265,28,1,0
BRDA:272,29,0,0
BRDA:272,29,1,0
BRDA:304,30,0,0
BRDA:304,30,1,0
BRF:62
BRH:7
end_of_record
TN:
SF:src/routes/pages.ts
FN:17,getViewers
FN:44,(anonymous_1)
FN:62,(anonymous_2)
FN:100,(anonymous_3)
FN:107,(anonymous_4)
FN:116,(anonymous_5)
FN:135,(anonymous_6)
FN:146,(anonymous_7)
FN:167,(anonymous_8)
FN:187,(anonymous_9)
FN:190,(anonymous_10)
FN:208,(anonymous_11)
FN:254,stripContentSentinel
FN:265,validateChatMessages
FN:322,(anonymous_14)
FN:386,(anonymous_15)
FN:416,(anonymous_16)
FN:506,(anonymous_17)
FNF:18
FNH:2
FNDA:0,getViewers
FNDA:0,(anonymous_1)
FNDA:0,(anonymous_2)
FNDA:0,(anonymous_3)
FNDA:0,(anonymous_4)
FNDA:0,(anonymous_5)
FNDA:0,(anonymous_6)
FNDA:0,(anonymous_7)
FNDA:0,(anonymous_8)
FNDA:0,(anonymous_9)
FNDA:0,(anonymous_10)
FNDA:0,(anonymous_11)
FNDA:6,stripContentSentinel
FNDA:13,validateChatMessages
FNDA:0,(anonymous_14)
FNDA:0,(anonymous_15)
FNDA:0,(anonymous_16)
FNDA:0,(anonymous_17)
DA:11,1
DA:15,1
DA:18,0
DA:19,0
DA:20,0
DA:21,0
DA:22,0
DA:24,0
DA:33,1
DA:44,1
DA:45,0
DA:49,0
DA:62,1
DA:63,0
DA:68,0
DA:71,0
DA:72,0
DA:74,0
DA:75,0
DA:87,0
DA:100,1
DA:101,0
DA:104,0
DA:105,0
DA:107,0
DA:108,0
DA:112,0
DA:113,0
DA:115,0
DA:117,0
DA:123,0
DA:135,1
DA:136,0
DA:138,0
DA:146,0
DA:153,0
DA:167,1
DA:168,0
DA:169,0
DA:171,0
DA:176,0
DA:177,0
DA:183,0
DA:187,1
DA:188,0
DA:189,0
DA:190,0
DA:191,0
DA:193,0
DA:208,1
DA:209,0
DA:210,0
DA:214,0
DA:215,0
DA:219,0
DA:220,0
DA:226,0
DA:227,0
DA:237,0
DA:239,0
DA:240,0
DA:241,0
DA:243,0
DA:244,0
DA:248,1
DA:249,1
DA:250,1
DA:255,6
DA:266,13
DA:267,1
DA:269,12
DA:270,1
DA:272,11
DA:273,1
DA:278,10
DA:279,10
DA:280,51
DA:286,3
DA:291,48
DA:292,51
DA:293,2
DA:295,46
DA:296,1
DA:301,45
DA:306,4
DA:322,1
DA:323,0
DA:324,0
DA:328,0
DA:329,0
DA:333,0
DA:334,0
DA:339,0
DA:340,0
DA:350,0
DA:352,0
DA:355,0
DA:356,0
DA:358,0
DA:360,0
DA:362,0
DA:363,0
DA:364,0
DA:365,0
DA:367,0
DA:368,0
DA:373,0
DA:375,0
DA:377,0
DA:378,0
DA:379,0
DA:381,0
DA:386,1
DA:387,0
DA:388,0
DA:391,0
DA:400,0
DA:401,0
DA:403,0
DA:416,1
DA:417,0
DA:429,0
DA:430,0
DA:431,0
DA:432,0
DA:433,0
DA:434,0
DA:435,0
DA:436,0
DA:439,0
DA:440,0
DA:444,0
DA:448,0
DA:449,0
DA:452,0
DA:453,0
DA:456,0
DA:457,0
DA:458,0
DA:459,0
DA:460,0
DA:461,0
DA:468,0
DA:472,0
DA:473,0
DA:474,0
DA:475,0
DA:476,0
DA:477,0
DA:485,0
DA:489,0
DA:490,0
DA:492,0
DA:493,0
DA:506,1
DA:507,0
DA:510,0
DA:511,0
DA:513,0
LF:159
LH:35
BRDA:20,0,0,0
BRDA:20,0,1,0
BRDA:22,1,0,0
BRDA:22,1,1,0
BRDA:46,2,0,0
BRDA:46,2,1,0
BRDA:69,3,0,0
BRDA:69,3,1,0
BRDA:71,4,0,0
BRDA:71,4,1,0
BRDA:77,5,0,0
BRDA:77,5,1,0
BRDA:79,6,0,0
BRDA:79,6,1,0
BRDA:79,7,0,0
BRDA:79,7,1,0
BRDA:81,8,0,0
BRDA:81,8,1,0
BRDA:81,9,0,0
BRDA:81,9,1,0
BRDA:104,10,0,0
BRDA:104,10,1,0
BRDA:109,11,0,0
BRDA:109,11,1,0
BRDA:112,12,0,0
BRDA:112,12,1,0
BRDA:118,13,0,0
BRDA:118,13,1,0
BRDA:136,14,0,0
BRDA:136,14,1,0
BRDA:168,15,0,0
BRDA:168,15,1,0
BRDA:176,16,0,0
BRDA:176,16,1,0
BRDA:178,17,0,0
BRDA:178,17,1,0
BRDA:179,18,0,0
BRDA:179,18,1,0
BRDA:188,19,0,0
BRDA:188,19,1,0
BRDA:209,20,0,0
BRDA:209,20,1,0
BRDA:214,21,0,0
BRDA:214,21,1,0
BRDA:219,22,0,0
BRDA:219,22,1,0
BRDA:219,23,0,0
BRDA:219,23,1,0
BRDA:237,24,0,0
BRDA:237,24,1,0
BRDA:266,25,0,1
BRDA:266,25,1,12
BRDA:269,26,0,1
BRDA:269,26,1,11
BRDA:272,27,0,1
BRDA:272,27,1,10
BRDA:280,28,0,3
BRDA:280,28,1,48
BRDA:281,29,0,51
BRDA:281,29,1,50
BRDA:281,29,2,50
BRDA:281,29,3,3
BRDA:291,30,0,48
BRDA:291,30,1,1
BRDA:292,31,0,2
BRDA:292,31,1,49
BRDA:295,32,0,1
BRDA:295,32,1,45
BRDA:323,33,0,0
BRDA:323,33,1,0
BRDA:328,34,0,0
BRDA:328,34,1,0
BRDA:333,35,0,0
BRDA:333,35,1,0
BRDA:333,36,0,0
BRDA:333,36,1,0
BRDA:350,37,0,0
BRDA:350,37,1,0
BRDA:355,38,0,0
BRDA:355,38,1,0
BRDA:378,39,0,0
BRDA:378,39,1,0
BRDA:387,40,0,0
BRDA:387,40,1,0
BRDA:400,41,0,0
BRDA:400,41,1,0
BRDA:430,42,0,0
BRDA:430,42,1,0
BRDA:431,43,0,0
BRDA:431,43,1,0
BRDA:432,44,0,0
BRDA:432,44,1,0
BRDA:434,45,0,0
BRDA:434,45,1,0
BRDA:436,46,0,0
BRDA:436,46,1,0
BRDA:439,47,0,0
BRDA:439,47,1,0
BRDA:448,48,0,0
BRDA:448,48,1,0
BRDA:452,49,0,0
BRDA:452,49,1,0
BRDA:457,50,0,0
BRDA:457,50,1,0
BRDA:458,51,0,0
BRDA:458,51,1,0
BRDA:472,52,0,0
BRDA:472,52,1,0
BRDA:472,52,2,0
BRDA:473,53,0,0
BRDA:473,53,1,0
BRDA:473,53,2,0
BRDA:474,54,0,0
BRDA:474,54,1,0
BRDA:476,55,0,0
BRDA:476,55,1,0
BRDA:489,56,0,0
BRDA:489,56,1,0
BRDA:508,57,0,0
BRDA:508,57,1,0
BRDA:510,58,0,0
BRDA:510,58,1,0
BRF:122
BRH:18
end_of_record
TN:
SF:src/routes/search.ts
FN:19,scoreField
FN:33,snippet
FN:74,(anonymous_2)
FN:195,(anonymous_3)
FNF:4
FNH:2
FNDA:14,scoreField
FNDA:8,snippet
FNDA:0,(anonymous_2)
FNDA:0,(anonymous_3)
DA:10,1
DA:12,1
DA:13,1
DA:14,1
DA:15,1
DA:23,14
DA:24,11
DA:25,11
DA:26,11
DA:27,10
DA:28,7
DA:29,4
DA:34,8
DA:35,6
DA:36,6
DA:37,6
DA:38,5
DA:39,5
DA:40,5
DA:41,5
DA:42,5
DA:43,5
DA:74,1
DA:75,0
DA:76,0
DA:77,0
DA:78,0
DA:79,0
DA:81,0
DA:83,0
DA:131,0
DA:133,0
DA:134,0
DA:135,0
DA:136,0
DA:137,0
DA:138,0
DA:148,0
DA:149,0
DA:150,0
DA:151,0
DA:152,0
DA:153,0
DA:154,0
DA:163,0
DA:164,0
DA:165,0
DA:166,0
DA:176,0
DA:177,0
DA:178,0
DA:179,0
DA:180,0
DA:183,0
DA:184,0
DA:195,0
DA:196,0
LF:57
LH:23
BRDA:23,0,0,3
BRDA:23,0,1,11
BRDA:26,1,0,1
BRDA:26,1,1,10
BRDA:27,2,0,3
BRDA:27,2,1,7
BRDA:28,3,0,3
BRDA:28,3,1,4
BRDA:34,4,0,2
BRDA:34,4,1,6
BRDA:37,5,0,1
BRDA:37,5,1,5
BRDA:41,6,0,1
BRDA:41,6,1,4
BRDA:42,7,0,1
BRDA:42,7,1,4
BRDA:75,8,0,0
BRDA:75,8,1,0
BRDA:76,9,0,0
BRDA:76,9,1,0
BRDA:77,10,0,0
BRDA:77,10,1,0
BRDA:78,11,0,0
BRDA:78,11,1,0
BRDA:137,12,0,0
BRDA:137,12,1,0
BRDA:142,13,0,0
BRDA:142,13,1,0
BRDA:153,14,0,0
BRDA:153,14,1,0
BRDA:158,15,0,0
BRDA:158,15,1,0
BRDA:165,16,0,0
BRDA:165,16,1,0
BRDA:180,17,0,0
BRDA:180,17,1,0
BRDA:183,18,0,0
BRDA:183,18,1,0
BRDA:187,19,0,0
BRDA:187,19,1,0
BRF:40
BRH:16
end_of_record
TN:
SF:src/routes/users.ts
FN:20,deleteLocalAvatarIfOwned
FN:28,(anonymous_1)
FN:41,(anonymous_2)
FN:46,(anonymous_3)
FN:56,(anonymous_4)
FN:67,(anonymous_5)
FN:81,(anonymous_6)
FN:126,(anonymous_7)
FN:165,(anonymous_8)
FN:180,dayStart
FN:194,(anonymous_10)
FN:211,(anonymous_11)
FN:219,dayStart
FN:266,(anonymous_13)
FN:281,(anonymous_14)
FN:301,(anonymous_15)
FN:323,(anonymous_16)
FN:331,(anonymous_17)
FNF:18
FNH:0
FNDA:0,deleteLocalAvatarIfOwned
FNDA:0,(anonymous_1)
FNDA:0,(anonymous_2)
FNDA:0,(anonymous_3)
FNDA:0,(anonymous_4)
FNDA:0,(anonymous_5)
FNDA:0,(anonymous_6)
FNDA:0,(anonymous_7)
FNDA:0,(anonymous_8)
FNDA:0,dayStart
FNDA:0,(anonymous_10)
FNDA:0,(anonymous_11)
FNDA:0,dayStart
FNDA:0,(anonymous_13)
FNDA:0,(anonymous_14)
FNDA:0,(anonymous_15)
FNDA:0,(anonymous_16)
FNDA:0,(anonymous_17)
DA:16,1
DA:24,0
DA:25,0
DA:26,0
DA:27,0
DA:28,0
DA:33,1
DA:40,1
DA:42,0
DA:43,0
DA:44,0
DA:47,0
DA:48,0
DA:49,0
DA:53,1
DA:57,0
DA:58,0
DA:59,0
DA:61,0
DA:65,1
DA:67,1
DA:68,0
DA:78,0
DA:81,1
DA:82,0
DA:86,0
DA:88,0
DA:92,0
DA:93,0
DA:98,0
DA:102,0
DA:103,0
DA:106,0
DA:107,0
DA:108,0
DA:110,0
DA:113,0
DA:114,0
DA:115,0
DA:118,0
DA:123,0
DA:126,1
DA:127,0
DA:128,0
DA:129,0
DA:134,0
DA:137,0
DA:142,1
DA:165,1
DA:166,0
DA:167,0
DA:168,0
DA:171,0
DA:177,0
DA:181,0
DA:182,0
DA:191,0
DA:194,0
DA:195,0
DA:197,0
DA:200,0
DA:201,0
DA:202,0
DA:203,0
DA:204,0
DA:207,0
DA:211,1
DA:212,0
DA:213,0
DA:214,0
DA:215,0
DA:217,0
DA:220,0
DA:221,0
DA:230,0
DA:233,0
DA:234,0
DA:236,0
DA:245,0
DA:246,0
DA:247,0
DA:248,0
DA:252,0
DA:253,0
DA:254,0
DA:255,0
DA:256,0
DA:263,0
DA:266,1
DA:267,0
DA:268,0
DA:281,1
DA:282,0
DA:283,0
DA:285,0
DA:286,0
DA:287,0
DA:288,0
DA:289,0
DA:291,0
DA:295,0
DA:296,0
DA:297,0
DA:298,0
DA:301,0
DA:303,0
DA:307,0
DA:311,0
DA:312,0
DA:317,0
DA:320,1
DA:324,0
DA:325,0
DA:329,0
DA:330,0
DA:331,0
DA:332,0
DA:335,0
DA:339,0
DA:340,0
DA:341,0
DA:346,0
LF:122
LH:14
BRDA:24,0,0,0
BRDA:24,0,1,0
BRDA:26,1,0,0
BRDA:26,1,1,0
BRDA:26,2,0,0
BRDA:26,2,1,0
BRDA:42,3,0,0
BRDA:42,3,1,0
BRDA:48,4,0,0
BRDA:48,4,1,0
BRDA:57,5,0,0
BRDA:57,5,1,0
BRDA:69,6,0,0
BRDA:69,6,1,0
BRDA:88,7,0,0
BRDA:88,7,1,0
BRDA:92,8,0,0
BRDA:92,8,1,0
BRDA:92,9,0,0
BRDA:92,9,1,0
BRDA:99,10,0,0
BRDA:99,10,1,0
BRDA:102,11,0,0
BRDA:102,11,1,0
BRDA:103,12,0,0
BRDA:103,12,1,0
BRDA:106,13,0,0
BRDA:106,13,1,0
BRDA:107,14,0,0
BRDA:107,14,1,0
BRDA:113,15,0,0
BRDA:113,15,1,0
BRDA:119,16,0,0
BRDA:119,16,1,0
BRDA:128,17,0,0
BRDA:128,17,1,0
BRDA:166,18,0,0
BRDA:166,18,1,0
BRDA:177,19,0,0
BRDA:177,19,1,0
BRDA:191,20,0,0
BRDA:191,20,1,0
BRDA:201,21,0,0
BRDA:201,21,1,0
BRDA:212,22,0,0
BRDA:212,22,1,0
BRDA:213,23,0,0
BRDA:213,23,1,0
BRDA:230,24,0,0
BRDA:230,24,1,0
BRDA:248,25,0,0
BRDA:248,25,1,0
BRDA:258,26,0,0
BRDA:258,26,1,0
BRDA:267,27,0,0
BRDA:267,27,1,0
BRDA:286,28,0,0
BRDA:286,28,1,0
BRDA:288,29,0,0
BRDA:288,29,1,0
BRDA:288,30,0,0
BRDA:288,30,1,0
BRDA:288,30,2,0
BRDA:296,31,0,0
BRDA:296,31,1,0
BRDA:298,32,0,0
BRDA:298,32,1,0
BRDA:299,33,0,0
BRDA:299,33,1,0
BRDA:299,33,2,0
BRDA:301,34,0,0
BRDA:301,34,1,0
BRDA:311,35,0,0
BRDA:311,35,1,0
BRDA:324,36,0,0
BRDA:324,36,1,0
BRDA:330,37,0,0
BRDA:330,37,1,0
BRDA:336,38,0,0
BRDA:336,38,1,0
BRDA:339,39,0,0
BRDA:339,39,1,0
BRDA:340,40,0,0
BRDA:340,40,1,0
BRDA:342,41,0,0
BRDA:342,41,1,0
BRF:86
BRH:0
end_of_record
