TN:
SF:src/lib/serialize.ts
FN:5,serialize
FN:10,(anonymous_1)
FNF:2
FNH:2
FNDA:38,serialize
FNDA:9,(anonymous_1)
DA:6,38
DA:7,11
DA:9,27
DA:10,9
DA:12,23
DA:13,1
DA:15,22
DA:16,9
DA:17,9
DA:18,13
DA:20,9
DA:22,13
LF:12
LH:12
BRDA:6,0,0,11
BRDA:6,0,1,27
BRDA:9,1,0,4
BRDA:9,1,1,23
BRDA:12,2,0,1
BRDA:12,2,1,22
BRDA:15,3,0,9
BRDA:15,3,1,13
BRDA:15,4,0,22
BRDA:15,4,1,20
BRF:10
BRH:10
end_of_record
TN:
SF:src/lib/srs.ts
FN:44,(anonymous_0)
FN:45,(anonymous_1)
FN:46,(anonymous_2)
FN:50,nextReviewIntervalSec
FN:63,stepsFor
FN:71,graduate
FN:94,schedule
FN:210,settingsToScheduler
FN:221,(anonymous_8)
FN:223,(anonymous_9)
FNF:10
FNH:10
FNDA:9,(anonymous_0)
FNDA:16,(anonymous_1)
FNDA:4,(anonymous_2)
FNDA:9,nextReviewIntervalSec
FNDA:11,stepsFor
FNDA:4,graduate
FNDA:16,schedule
FNDA:6,settingsToScheduler
FNDA:12,(anonymous_8)
FNDA:18,(anonymous_9)
DA:42,1
DA:43,1
DA:44,9
DA:45,16
DA:46,4
DA:55,9
DA:56,9
DA:57,9
DA:58,9
DA:59,9
DA:65,11
DA:68,11
DA:81,4
DA:82,4
DA:83,4
DA:100,16
DA:101,16
DA:105,16
DA:109,16
DA:110,9
DA:111,9
DA:113,9
DA:115,9
DA:117,3
DA:118,3
DA:129,6
DA:131,1
DA:132,1
DA:133,1
DA:144,5
DA:146,2
DA:150,3
DA:151,3
DA:152,1
DA:153,1
DA:163,2
DA:167,7
DA:169,2
DA:170,2
DA:171,2
DA:172,2
DA:183,5
DA:185,5
DA:186,5
DA:187,1
DA:188,1
DA:189,4
DA:190,1
DA:191,1
DA:194,3
DA:197,5
DA:198,5
DA:221,6
DA:222,12
DA:223,18
DA:225,6
LF:56
LH:56
BRDA:65,0,0,4
BRDA:65,0,1,7
BRDA:68,1,0,11
BRDA:68,1,1,0
BRDA:81,2,0,2
BRDA:81,2,1,2
BRDA:105,3,0,16
BRDA:105,3,1,12
BRDA:105,3,2,9
BRDA:109,4,0,9
BRDA:109,4,1,7
BRDA:113,5,0,4
BRDA:113,5,1,5
BRDA:115,6,0,3
BRDA:115,6,1,6
BRDA:119,7,0,1
BRDA:119,7,1,2
BRDA:129,8,0,1
BRDA:129,8,1,5
BRDA:134,9,0,0
BRDA:134,9,1,1
BRDA:144,10,0,2
BRDA:144,10,1,3
BRDA:151,11,0,1
BRDA:151,11,1,2
BRDA:154,12,0,0
BRDA:154,12,1,1
BRDA:167,13,0,2
BRDA:167,13,1,5
BRDA:186,14,0,1
BRDA:186,14,1,4
BRDA:189,15,0,1
BRDA:189,15,1,3
BRDA:222,16,0,10
BRDA:222,16,1,2
BRDA:223,17,0,18
BRDA:223,17,1,17
BRF:37
BRH:34
end_of_record
